CentOS_7 output will be in this color.

==> CentOS_7: Downloading or copying ISO
    CentOS_7: Downloading or copying: http://mirror.informatik.hs-fulda.de/centos7.0.1406/isos/x86_64/CentOS-7.0-1406-x86_64-NetInstall.iso
==> CentOS_7: Creating hard drive...
==> CentOS_7: Starting HTTP server on port 8081
==> CentOS_7: Found port for SSH: 3213.
==> CentOS_7: Looking for available port between 5900 and 6000
==> CentOS_7: Found available VNC port: 5947
==> CentOS_7: Starting VM, booting from CD-ROM
==> CentOS_7: Overriding defaults Qemu arguments with QemuArgs...
==> CentOS_7: Waiting 5s for boot...
==> CentOS_7: Connecting to VM via VNC
==> CentOS_7: Typing the boot command over VNC...
==> CentOS_7: Waiting for SSH to become available...
==> CentOS_7: Connected to SSH!
==> CentOS_7: Provisioning with shell script: scripts/bootlogs.sh
    CentOS_7: Generating grub configuration file ...
    CentOS_7: Found linux image: /boot/vmlinuz-3.10.0-123.13.2.el7.x86_64
    CentOS_7: Found initrd image: /boot/initramfs-3.10.0-123.13.2.el7.x86_64.img
    CentOS_7: Warning: Please don't use old title `CentOS Linux, with Linux 3.10.0-123.13.2.el7.x86_64' for GRUB_DEFAULT, use `Advanced options for CentOS Linux>CentOS Linux, with Linux 3.10.0-123.13.2.el7.x86_64' (for versions before 2.00) or `gnulinux-advanced-328b1baf-5868-4245-b6b7-20bd500e99d2>gnulinux-3.10.0-123.13.2.el7.x86_64-advanced-328b1baf-5868-4245-b6b7-20bd500e99d2' (for 2.00 or later)
    CentOS_7: Found linux image: /boot/vmlinuz-0-rescue-2a43cc7680dd4f669b4c3ba06b0dba1f
    CentOS_7: Found initrd image: /boot/initramfs-0-rescue-2a43cc7680dd4f669b4c3ba06b0dba1f.img
    CentOS_7: done
    CentOS_7:
==> CentOS_7: Provisioning with shell script: scripts/cloud-init.sh
    CentOS_7: Retrieving http://ftp-stud.hs-esslingen.de/pub/epel/7/x86_64/e/epel-release-7-5.noarch.rpm
    CentOS_7: warning: /var/tmp/rpm-tmp.zfVEFa: Header V3 RSA/SHA256 Signature, key ID 352c64e5: NOKEY
    CentOS_7: Preparing...                                                            
    CentOS_7: Updating / installing...
    CentOS_7: 1:epel-release-7-5                                                   (  
    CentOS_7: Loaded plugins: fastestmirror
    CentOS_7: base             | 3.6 kB     00:00
    CentOS_7: epel/x86_64/meta |  26 kB     00:00
    CentOS_7: epel             | 4.4 kB     00:00
    CentOS_7: extras           | 3.4 kB     00:00
    CentOS_7: updates          | 3.4 kB     00:00
    CentOS_7: (1/6): base/7/x86_ | 157 kB   00:00
    CentOS_7: (2/6): epel/x86_64 | 250 kB   00:00
    CentOS_7: (3/6): extras/7/x8 |  43 kB   00:01
    CentOS_7: (4/6): epel/x86_64 | 3.8 MB   00:07
    CentOS_7: (5/6): base/7/x86_ | 4.9 MB   00:07
    CentOS_7: (6/6): updates/7/x | 6.0 MB   00:08
    CentOS_7: (1/2): epel/x86_64 | 264 kB   00:00
    CentOS_7: (2/2): epel/x86_64 | 1.3 MB   00:01
    CentOS_7: Determining fastest mirrors
    CentOS_7: * base: mirror2.hs-esslingen.de
    CentOS_7: * epel: mirror.nl.leaseweb.net
    CentOS_7: * extras: centos.intergenia.de
    CentOS_7: * updates: mirror2.hs-esslingen.de
    CentOS_7: Resolving Dependencies
    CentOS_7: --> Running transaction check
    CentOS_7: ---> Package cloud-init.x86_64 0:0.7.5-10.el7.centos.1 will be installed
    CentOS_7: --> Processing Dependency: python-requests for package: cloud-init-0.7.5-10.el7.centos.1.x86_64
    CentOS_7: --> Processing Dependency: python-prettytable for package: cloud-init-0.7.5-10.el7.centos.1.x86_64
    CentOS_7: --> Processing Dependency: python-jsonpatch for package: cloud-init-0.7.5-10.el7.centos.1.x86_64
    CentOS_7: --> Processing Dependency: python-cheetah for package: cloud-init-0.7.5-10.el7.centos.1.x86_64
    CentOS_7: --> Processing Dependency: python-boto for package: cloud-init-0.7.5-10.el7.centos.1.x86_64
    CentOS_7: --> Processing Dependency: policycoreutils-python for package: cloud-init-0.7.5-10.el7.centos.1.x86_64
    CentOS_7: --> Processing Dependency: net-tools for package: cloud-init-0.7.5-10.el7.centos.1.x86_64
    CentOS_7: --> Processing Dependency: PyYAML for package: cloud-init-0.7.5-10.el7.centos.1.x86_64
    CentOS_7: ---> Package cloud-utils.x86_64 0:0.27-20.el7.centos will be installed
    CentOS_7: --> Processing Dependency: qemu-img for package: cloud-utils-0.27-20.el7.centos.x86_64
    CentOS_7: --> Processing Dependency: python-paramiko for package: cloud-utils-0.27-20.el7.centos.x86_64
    CentOS_7: --> Processing Dependency: euca2ools for package: cloud-utils-0.27-20.el7.centos.x86_64
    CentOS_7: ---> Package cloud-utils-growpart.x86_64 0:0.27-20.el7.centos will be installed
    CentOS_7: --> Running transaction check
    CentOS_7: ---> Package PyYAML.x86_64 0:3.10-11.el7 will be installed
    CentOS_7: --> Processing Dependency: libyaml-0.so.2()(64bit) for package: PyYAML-3.10-11.el7.x86_64
    CentOS_7: ---> Package euca2ools.noarch 0:2.1.4-1.el7.centos will be installed
    CentOS_7: --> Processing Dependency: rsync for package: euca2ools-2.1.4-1.el7.centos.noarch
    CentOS_7: --> Processing Dependency: m2crypto for package: euca2ools-2.1.4-1.el7.centos.noarch
    CentOS_7: ---> Package net-tools.x86_64 0:2.0-0.17.20131004git.el7 will be installed
    CentOS_7: ---> Package policycoreutils-python.x86_64 0:2.2.5-11.el7_0.1 will be installed
    CentOS_7: --> Processing Dependency: libsemanage-python >= 2.1.10-1 for package: policycoreutils-python-2.2.5-11.el7_0.1.x86_64
    CentOS_7: --> Processing Dependency: audit-libs-python >= 2.1.3-4 for package: policycoreutils-python-2.2.5-11.el7_0.1.x86_64
    CentOS_7: --> Processing Dependency: python-IPy for package: policycoreutils-python-2.2.5-11.el7_0.1.x86_64
    CentOS_7: --> Processing Dependency: libqpol.so.1(VERS_1.4)(64bit) for package: policycoreutils-python-2.2.5-11.el7_0.1.x86_64
    CentOS_7: --> Processing Dependency: libqpol.so.1(VERS_1.2)(64bit) for package: policycoreutils-python-2.2.5-11.el7_0.1.x86_64
    CentOS_7: --> Processing Dependency: libcgroup for package: policycoreutils-python-2.2.5-11.el7_0.1.x86_64
    CentOS_7: --> Processing Dependency: libapol.so.4(VERS_4.0)(64bit) for package: policycoreutils-python-2.2.5-11.el7_0.1.x86_64
    CentOS_7: --> Processing Dependency: checkpolicy for package: policycoreutils-python-2.2.5-11.el7_0.1.x86_64
    CentOS_7: --> Processing Dependency: libqpol.so.1()(64bit) for package: policycoreutils-python-2.2.5-11.el7_0.1.x86_64
    CentOS_7: --> Processing Dependency: libapol.so.4()(64bit) for package: policycoreutils-python-2.2.5-11.el7_0.1.x86_64
    CentOS_7: ---> Package python-boto.noarch 0:2.34.0-4.el7 will be installed
    CentOS_7: --> Processing Dependency: python-rsa for package: python-boto-2.34.0-4.el7.noarch
    CentOS_7: ---> Package python-cheetah.x86_64 0:2.4.4-5.el7.centos will be installed
    CentOS_7: --> Processing Dependency: python-pygments for package: python-cheetah-2.4.4-5.el7.centos.x86_64
    CentOS_7: --> Processing Dependency: python-markdown for package: python-cheetah-2.4.4-5.el7.centos.x86_64
    CentOS_7: ---> Package python-jsonpatch.noarch 0:1.2-3.el7.centos will be installed
    CentOS_7: --> Processing Dependency: python-jsonpointer for package: python-jsonpatch-1.2-3.el7.centos.noarch
    CentOS_7: ---> Package python-paramiko.noarch 0:1.15.1-1.el7 will be installed
    CentOS_7: --> Processing Dependency: python-crypto >= 2.1 for package: python-paramiko-1.15.1-1.el7.noarch
    CentOS_7: --> Processing Dependency: python-ecdsa for package: python-paramiko-1.15.1-1.el7.noarch
    CentOS_7: ---> Package python-prettytable.noarch 0:0.7.2-2.el7.centos will be installed
    CentOS_7: ---> Package python-requests.noarch 0:1.1.0-8.el7 will be installed
    CentOS_7: --> Processing Dependency: python-urllib3 for package: python-requests-1.1.0-8.el7.noarch
    CentOS_7: --> Processing Dependency: python-chardet for package: python-requests-1.1.0-8.el7.noarch
    CentOS_7: ---> Package qemu-img.x86_64 10:1.5.3-60.el7_0.11 will be installed
    CentOS_7: --> Processing Dependency: libaio.so.1(LIBAIO_0.4)(64bit) for package: 10:qemu-img-1.5.3-60.el7_0.11.x86_64
    CentOS_7: --> Processing Dependency: libaio.so.1(LIBAIO_0.1)(64bit) for package: 10:qemu-img-1.5.3-60.el7_0.11.x86_64
    CentOS_7: --> Processing Dependency: libiscsi.so.2()(64bit) for package: 10:qemu-img-1.5.3-60.el7_0.11.x86_64
    CentOS_7: --> Processing Dependency: libgfxdr.so.0()(64bit) for package: 10:qemu-img-1.5.3-60.el7_0.11.x86_64
    CentOS_7: --> Processing Dependency: libgfrpc.so.0()(64bit) for package: 10:qemu-img-1.5.3-60.el7_0.11.x86_64
    CentOS_7: --> Processing Dependency: libgfapi.so.0()(64bit) for package: 10:qemu-img-1.5.3-60.el7_0.11.x86_64
    CentOS_7: --> Processing Dependency: libaio.so.1()(64bit) for package: 10:qemu-img-1.5.3-60.el7_0.11.x86_64
    CentOS_7: --> Running transaction check
    CentOS_7: ---> Package audit-libs-python.x86_64 0:2.3.3-4.el7 will be installed
    CentOS_7: ---> Package checkpolicy.x86_64 0:2.1.12-6.el7 will be installed
    CentOS_7: ---> Package glusterfs-api.x86_64 0:3.4.0.59rhs-1.el7.centos will be installed
    CentOS_7: ---> Package glusterfs-libs.x86_64 0:3.4.0.59rhs-1.el7.centos will be installed
    CentOS_7: --> Processing Dependency: rsyslog-mmjsonparse for package: glusterfs-libs-3.4.0.59rhs-1.el7.centos.x86_64
    CentOS_7: ---> Package libaio.x86_64 0:0.3.109-12.el7 will be installed
    CentOS_7: ---> Package libcgroup.x86_64 0:0.41-6.el7 will be installed
    CentOS_7: ---> Package libiscsi.x86_64 0:1.9.0-6.el7 will be installed
    CentOS_7: ---> Package libsemanage-python.x86_64 0:2.1.10-16.el7 will be installed
    CentOS_7: ---> Package libyaml.x86_64 0:0.1.4-10.el7 will be installed
    CentOS_7: ---> Package m2crypto.x86_64 0:0.21.1-15.el7 will be installed
    CentOS_7: ---> Package python-IPy.noarch 0:0.75-6.el7 will be installed
    CentOS_7: ---> Package python-chardet.noarch 0:2.0.1-7.el7 will be installed
    CentOS_7: ---> Package python-crypto.x86_64 0:2.6.1-1.el7.centos will be installed
    CentOS_7: ---> Package python-ecdsa.noarch 0:0.11-3.el7.centos will be installed
    CentOS_7: --> Processing Dependency: python-six for package: python-ecdsa-0.11-3.el7.centos.noarch
    CentOS_7: ---> Package python-jsonpointer.noarch 0:1.0-2.el7.centos will be installed
    CentOS_7: ---> Package python-markdown.noarch 0:2.4.1-1.el7.centos will be installed
    CentOS_7: ---> Package python-pygments.noarch 0:1.4-9.el7 will be installed
    CentOS_7: --> Processing Dependency: python-imaging for package: python-pygments-1.4-9.el7.noarch
    CentOS_7: ---> Package python-rsa.noarch 0:3.1.1-5.el7 will be installed
    CentOS_7: ---> Package python-urllib3.noarch 0:1.5-8.el7 will be installed
    CentOS_7: ---> Package rsync.x86_64 0:3.0.9-15.el7 will be installed
    CentOS_7: ---> Package setools-libs.x86_64 0:3.3.7-46.el7 will be installed
    CentOS_7: --> Running transaction check
    CentOS_7: ---> Package python-pillow.x86_64 0:2.0.0-17.gitd1c6db8.el7 will be installed
    CentOS_7: --> Processing Dependency: libtiff.so.5(LIBTIFF_4.0)(64bit) for package: python-pillow-2.0.0-17.gitd1c6db8.el7.x86_64
    CentOS_7: --> Processing Dependency: libjpeg.so.62(LIBJPEG_6.2)(64bit) for package: python-pillow-2.0.0-17.gitd1c6db8.el7.x86_64
    CentOS_7: --> Processing Dependency: libwebp.so.4()(64bit) for package: python-pillow-2.0.0-17.gitd1c6db8.el7.x86_64
    CentOS_7: --> Processing Dependency: libtiff.so.5()(64bit) for package: python-pillow-2.0.0-17.gitd1c6db8.el7.x86_64
    CentOS_7: --> Processing Dependency: libjpeg.so.62()(64bit) for package: python-pillow-2.0.0-17.gitd1c6db8.el7.x86_64
    CentOS_7: ---> Package python-six.noarch 0:1.3.0-4.el7 will be installed
    CentOS_7: ---> Package rsyslog-mmjsonparse.x86_64 0:7.4.7-7.el7_0 will be installed
    CentOS_7: --> Running transaction check
    CentOS_7: ---> Package libjpeg-turbo.x86_64 0:1.2.90-5.el7 will be installed
    CentOS_7: ---> Package libtiff.x86_64 0:4.0.3-14.el7 will be installed
    CentOS_7: --> Processing Dependency: libjbig.so.2.0()(64bit) for package: libtiff-4.0.3-14.el7.x86_64
    CentOS_7: ---> Package libwebp.x86_64 0:0.3.0-3.el7 will be installed
    CentOS_7: --> Running transaction check
    CentOS_7: ---> Package jbigkit-libs.x86_64 0:2.0-11.el7 will be installed
    CentOS_7: --> Finished Dependency Resolution
    CentOS_7:
    CentOS_7: Dependencies Resolved
    CentOS_7:
    CentOS_7: ========================================
    CentOS_7: Package         Arch   Version
    CentOS_7: Repository
    CentOS_7: Size
    CentOS_7: ========================================
    CentOS_7: Installing:
    CentOS_7: cloud-init      x86_64 0.7.5-10.el7.centos.1
    CentOS_7: extras  418 k
    CentOS_7: cloud-utils     x86_64 0.27-20.el7.centos
    CentOS_7: extras   43 k
    CentOS_7: cloud-utils-growpart
    CentOS_7: x86_64 0.27-20.el7.centos
    CentOS_7: extras   25 k
    CentOS_7: Installing for dependencies:
    CentOS_7: PyYAML          x86_64 3.10-11.el7
    CentOS_7: base    153 k
    CentOS_7: audit-libs-python
    CentOS_7: x86_64 2.3.3-4.el7
    CentOS_7: base     67 k
    CentOS_7: checkpolicy     x86_64 2.1.12-6.el7
    CentOS_7: base    247 k
    CentOS_7: euca2ools       noarch 2.1.4-1.el7.centos
    CentOS_7: extras  319 k
    CentOS_7: glusterfs-api   x86_64 3.4.0.59rhs-1.el7.centos
    CentOS_7: base     56 k
    CentOS_7: glusterfs-libs  x86_64 3.4.0.59rhs-1.el7.centos
    CentOS_7: base    259 k
    CentOS_7: jbigkit-libs    x86_64 2.0-11.el7
    CentOS_7: base     46 k
    CentOS_7: libaio          x86_64 0.3.109-12.el7
    CentOS_7: base     24 k
    CentOS_7: libcgroup       x86_64 0.41-6.el7
    CentOS_7: base     62 k
    CentOS_7: libiscsi        x86_64 1.9.0-6.el7
    CentOS_7: base     60 k
    CentOS_7: libjpeg-turbo   x86_64 1.2.90-5.el7
    CentOS_7: base    134 k
    CentOS_7: libsemanage-python
    CentOS_7: x86_64 2.1.10-16.el7
    CentOS_7: base     94 k
    CentOS_7: libtiff         x86_64 4.0.3-14.el7
    CentOS_7: base    167 k
    CentOS_7: libwebp         x86_64 0.3.0-3.el7
    CentOS_7: base    170 k
    CentOS_7: libyaml         x86_64 0.1.4-10.el7
    CentOS_7: base     55 k
    CentOS_7: m2crypto        x86_64 0.21.1-15.el7
    CentOS_7: base    428 k
    CentOS_7: net-tools       x86_64 2.0-0.17.20131004git.el7
    CentOS_7: base    304 k
    CentOS_7: policycoreutils-python
    CentOS_7: x86_64 2.2.5-11.el7_0.1
    CentOS_7: updates 433 k
    CentOS_7: python-IPy      noarch 0.75-6.el7
    CentOS_7: base     32 k
    CentOS_7: python-boto     noarch 2.34.0-4.el7
    CentOS_7: epel    1.6 M
    CentOS_7: python-chardet  noarch 2.0.1-7.el7
    CentOS_7: base    222 k
    CentOS_7: python-cheetah  x86_64 2.4.4-5.el7.centos
    CentOS_7: extras  341 k
    CentOS_7: python-crypto   x86_64 2.6.1-1.el7.centos
    CentOS_7: extras  470 k
    CentOS_7: python-ecdsa    noarch 0.11-3.el7.centos
    CentOS_7: extras   69 k
    CentOS_7: python-jsonpatch
    CentOS_7: noarch 1.2-3.el7.centos
    CentOS_7: extras   14 k
    CentOS_7: python-jsonpointer
    CentOS_7: noarch 1.0-2.el7.centos
    CentOS_7: extras  9.2 k
    CentOS_7: python-markdown noarch 2.4.1-1.el7.centos
    CentOS_7: extras  186 k
    CentOS_7: python-paramiko noarch 1.15.1-1.el7
    CentOS_7: epel    999 k
    CentOS_7: python-pillow   x86_64 2.0.0-17.gitd1c6db8.el7
    CentOS_7: base    438 k
    CentOS_7: python-prettytable
    CentOS_7: noarch 0.7.2-2.el7.centos
    CentOS_7: extras   37 k
    CentOS_7: python-pygments noarch 1.4-9.el7
    CentOS_7: base    599 k
    CentOS_7: python-requests noarch 1.1.0-8.el7
    CentOS_7: base     70 k
    CentOS_7: python-rsa      noarch 3.1.1-5.el7
    CentOS_7: epel     59 k
    CentOS_7: python-six      noarch 1.3.0-4.el7
    CentOS_7: base     18 k
    CentOS_7: python-urllib3  noarch 1.5-8.el7
    CentOS_7: base     41 k
    CentOS_7: qemu-img        x86_64 10:1.5.3-60.el7_0.11
    CentOS_7: updates 604 k
    CentOS_7: rsync           x86_64 3.0.9-15.el7
    CentOS_7: base    359 k
    CentOS_7: rsyslog-mmjsonparse
    CentOS_7: x86_64 7.4.7-7.el7_0
    CentOS_7: updates  27 k
    CentOS_7: setools-libs    x86_64 3.3.7-46.el7
    CentOS_7: base    485 k
    CentOS_7:
    CentOS_7: Transaction Summary
    CentOS_7: ========================================
    CentOS_7: Install  3 Packages (+39 Dependent packages)
    CentOS_7:
    CentOS_7: Total download size: 10 M
    CentOS_7: Installed size: 42 M
    CentOS_7: Downloading packages:
    CentOS_7: warning: /var/cache/yum/x86_64/7/base/packages/PyYAML-3.10-11.el7.x86_64.rpm: Header V3 RSA/SHA256 Signature, key ID f4a80eb5: NOKEY
    CentOS_7: Public key for PyYAML-3.10-11.el7.x86_64.rpm is not installed
    CentOS_7: (1/42): PyYAML-3.1 | 153 kB   00:00
    CentOS_7: (2/42): audit-libs |  67 kB   00:00
    CentOS_7: Public key for cloud-utils-0.27-20.el7.centos.x86_64.rpm is not installed
    CentOS_7: (3/42): cloud-util |  43 kB   00:00
    CentOS_7: (4/42): checkpolic | 247 kB   00:00
    CentOS_7: (5/42): glusterfs- |  56 kB   00:00
    CentOS_7: (6/42): jbigkit-li |  46 kB   00:00
    CentOS_7: (7/42): cloud-util |  25 kB   00:00
    CentOS_7: (8/42): libaio-0.3 |  24 kB   00:00
    CentOS_7: (9/42): libcgroup- |  62 kB   00:00
    CentOS_7: (10/42): libiscsi- |  60 kB   00:00
    CentOS_7: (11/42): cloud-ini | 418 kB   00:01
    CentOS_7: (12/42): glusterfs | 259 kB   00:00
    CentOS_7: (13/42): euca2ools | 319 kB   00:00
    CentOS_7: (14/42): libsemana |  94 kB   00:00
    CentOS_7: (15/42): libwebp-0 | 170 kB   00:00
    CentOS_7: (16/42): libjpeg-t | 134 kB   00:00
    CentOS_7: (17/42): net-tools | 304 kB   00:00
    CentOS_7: (18/42): libyaml-0 |  55 kB   00:00
    CentOS_7: (19/42): python-IP |  32 kB   00:00
    CentOS_7: (20/42): libtiff-4 | 167 kB   00:00
    CentOS_7: Public key for policycoreutils-python-2.2.5-11.el7_0.1.x86_64.rpm is not installed
    CentOS_7: (21/42): policycor | 433 kB   00:00
    CentOS_7: (22/42): m2crypto- | 428 kB   00:01
    CentOS_7: (23/42): python-ch | 341 kB   00:00
    CentOS_7: (24/42): python-ch | 222 kB   00:00
    CentOS_7: (25/42): python-js | 9.2 kB   00:00
    CentOS_7: (26/42): python-js |  14 kB   00:00
    CentOS_7: (27/42): python-ec |  69 kB   00:00
    CentOS_7: (28/42): python-cr | 470 kB   00:00
    CentOS_7: (29/42): python-ma | 186 kB   00:00
    CentOS_7: (30/42): python-pr |  37 kB   00:00
    CentOS_7: (31/42): python-re |  70 kB   00:00
    CentOS_7: (32/42): python-py | 599 kB   00:00
    CentOS_7: (33/42): python-pi | 438 kB   00:01
    CentOS_7: (34/42): python-ur |  41 kB   00:00
    CentOS_7: (35/42): python-si |  18 kB   00:00
    CentOS_7: warning: /var/cache/yum/x86_64/7/epel/packages/python-rsa-3.1.1-5.el7.noarch.rpm: Header V3 RSA/SHA256 Signature, key ID 352c64e5: NOKEY
    CentOS_7: Public key for python-rsa-3.1.1-5.el7.noarch.rpm is not installed
    CentOS_7: (36/42): python-rs |  59 kB   00:01
    CentOS_7: (37/42): rsync-3.0 | 359 kB   00:00
    CentOS_7: (38/42): rsyslog-m |  27 kB   00:00
    CentOS_7: (39/42): setools-l | 485 kB   00:00
    CentOS_7: (40/42): python-bo | 1.6 MB   00:03
    CentOS_7: (41/42): qemu-img- | 604 kB   00:01
    CentOS_7: (42/42): python-pa | 999 kB   00:03
    CentOS_7: ----------------------------------------
    CentOS_7: Total      1.6 MB/s |  10 MB  00:06
    CentOS_7: Retrieving key from file:///etc/pki/rpm-gpg/RPM-GPG-KEY-EPEL-7
    CentOS_7: Importing GPG key 0x352C64E5:
    CentOS_7: Userid     : "Fedora EPEL (7) <epel@fedoraproject.org>"
    CentOS_7: Fingerprint: 91e9 7d7c 4a5e 96f1 7f3e 888f 6a2f aea2 352c 64e5
    CentOS_7: Package    : epel-release-7-5.noarch (installed)
    CentOS_7: From       : /etc/pki/rpm-gpg/RPM-GPG-KEY-EPEL-7
    CentOS_7: Retrieving key from file:///etc/pki/rpm-gpg/RPM-GPG-KEY-CentOS-7
    CentOS_7: Importing GPG key 0xF4A80EB5:
    CentOS_7: Userid     : "CentOS-7 Key (CentOS 7 Official Signing Key) <security@centos.org>"
    CentOS_7: Fingerprint: 6341 ab27 53d7 8a78 a7c2 7bb1 24c6 a8a7 f4a8 0eb5
    CentOS_7: Package    : centos-release-7-0.1406.el7.centos.2.5.x86_64 (@updates)
    CentOS_7: From       : /etc/pki/rpm-gpg/RPM-GPG-KEY-CentOS-7
    CentOS_7: Running transaction check
    CentOS_7: Running transaction test
    CentOS_7: Transaction test succeeded
    CentOS_7: Running transaction
    CentOS_7: Warning: RPMDB altered outside of yum.
    CentOS_7:   Installing : python-six-1.3.0    1/42
    CentOS_7:   Installing : libjpeg-turbo-1.    2/42
    CentOS_7:   Installing : python-ecdsa-0.1    3/42
    CentOS_7:   Installing : python-urllib3-1    4/42
    CentOS_7:   Installing : audit-libs-pytho    5/42
    CentOS_7:   Installing : libwebp-0.3.0-3.    6/42
    CentOS_7:   Installing : checkpolicy-2.1.    7/42
    CentOS_7:   Installing : libcgroup-0.41-6    8/42
    CentOS_7:   Installing : m2crypto-0.21.1-    9/42
    CentOS_7:   Installing : cloud-utils-grow   10/42
    CentOS_7:   Installing : jbigkit-libs-2.0   11/42
    CentOS_7:   Installing : libtiff-4.0.3-14   12/42
    CentOS_7:   Installing : python-pillow-2.   13/42
    CentOS_7:   Installing : python-pygments-   14/42
    CentOS_7:   Installing : python-chardet-2   15/42
    CentOS_7:   Installing : python-requests-   16/42
    CentOS_7:   Installing : python-markdown-   17/42
    CentOS_7:   Installing : python-cheetah-2   18/42
    CentOS_7:   Installing : python-jsonpoint   19/42
    CentOS_7:   Installing : python-jsonpatch   20/42
    CentOS_7:   Installing : python-IPy-0.75-   21/42
    CentOS_7:   Installing : rsyslog-mmjsonpa   22/42
    CentOS_7:   Installing : glusterfs-libs-3   23/42
    CentOS_7:   Installing : glusterfs-api-3.   24/42
    CentOS_7:   Installing : python-crypto-2.   25/42
    CentOS_7:   Installing : python-paramiko-   26/42
    CentOS_7:   Installing : setools-libs-3.3   27/42
    CentOS_7:   Installing : libiscsi-1.9.0-6   28/42
    CentOS_7:   Installing : rsync-3.0.9-15.e   29/42
    CentOS_7:   Installing : libaio-0.3.109-1   30/42
    CentOS_7:   Installing : 10:qemu-img-1.5.   31/42
    CentOS_7:   Installing : net-tools-2.0-0.   32/42
    CentOS_7:   Installing : python-prettytab   33/42
    CentOS_7:   Installing : libyaml-0.1.4-10   34/42
    CentOS_7:   Installing : PyYAML-3.10-11.e   35/42
    CentOS_7:   Installing : libsemanage-pyth   36/42
    CentOS_7:   Installing : policycoreutils-   37/42
    CentOS_7:   Installing : python-rsa-3.1.1   38/42
    CentOS_7:   Installing : python-boto-2.34   39/42
    CentOS_7:   Installing : euca2ools-2.1.4-   40/42
    CentOS_7:   Installing : cloud-utils-0.27   41/42
    CentOS_7:   Installing : cloud-init-0.7.5   42/42
    CentOS_7: Verifying  : python-rsa-3.1.1    1/42
    CentOS_7: Verifying  : libsemanage-pyth    2/42
    CentOS_7: Verifying  : glusterfs-libs-3    3/42
    CentOS_7: Verifying  : libjpeg-turbo-1.    4/42
    CentOS_7: Verifying  : libyaml-0.1.4-10    5/42
    CentOS_7: Verifying  : python-prettytab    6/42
    CentOS_7: Verifying  : net-tools-2.0-0.    7/42
    CentOS_7: Verifying  : libaio-0.3.109-1    8/42
    CentOS_7: Verifying  : rsync-3.0.9-15.e    9/42
    CentOS_7: Verifying  : libiscsi-1.9.0-6   10/42
    CentOS_7: Verifying  : python-pygments-   11/42
    CentOS_7: Verifying  : libtiff-4.0.3-14   12/42
    CentOS_7: Verifying  : policycoreutils-   13/42
    CentOS_7: Verifying  : setools-libs-3.3   14/42
    CentOS_7: Verifying  : python-cheetah-2   15/42
    CentOS_7: Verifying  : python-crypto-2.   16/42
    CentOS_7: Verifying  : rsyslog-mmjsonpa   17/42
    CentOS_7: Verifying  : cloud-init-0.7.5   18/42
    CentOS_7: Verifying  : python-IPy-0.75-   19/42
    CentOS_7: Verifying  : python-jsonpoint   20/42
    CentOS_7: Verifying  : python-requests-   21/42
    CentOS_7: Verifying  : cloud-utils-0.27   22/42
    CentOS_7: Verifying  : python-six-1.3.0   23/42
    CentOS_7: Verifying  : python-markdown-   24/42
    CentOS_7: Verifying  : python-pillow-2.   25/42
    CentOS_7: Verifying  : python-ecdsa-0.1   26/42
    CentOS_7: Verifying  : python-jsonpatch   27/42
    CentOS_7: Verifying  : glusterfs-api-3.   28/42
    CentOS_7: Verifying  : python-chardet-2   29/42
    CentOS_7: Verifying  : jbigkit-libs-2.0   30/42
    CentOS_7: Verifying  : cloud-utils-grow   31/42
    CentOS_7: Verifying  : m2crypto-0.21.1-   32/42
    CentOS_7: Verifying  : euca2ools-2.1.4-   33/42
    CentOS_7: Verifying  : libcgroup-0.41-6   34/42
    CentOS_7: Verifying  : 10:qemu-img-1.5.   35/42
    CentOS_7: Verifying  : checkpolicy-2.1.   36/42
    CentOS_7: Verifying  : libwebp-0.3.0-3.   37/42
    CentOS_7: Verifying  : python-urllib3-1   38/42
    CentOS_7: Verifying  : PyYAML-3.10-11.e   39/42
    CentOS_7: Verifying  : python-paramiko-   40/42
    CentOS_7: Verifying  : python-boto-2.34   41/42
    CentOS_7: Verifying  : audit-libs-pytho   42/42
    CentOS_7:
    CentOS_7: Installed:
    CentOS_7: cloud-init.x86_64 0:0.7.5-10.el7.centos.1
    CentOS_7: cloud-utils.x86_64 0:0.27-20.el7.centos
    CentOS_7: cloud-utils-growpart.x86_64 0:0.27-20.el7.centos
    CentOS_7:
    CentOS_7: Dependency Installed:
    CentOS_7: PyYAML.x86_64 0:3.10-11.el7
    CentOS_7: audit-libs-python.x86_64 0:2.3.3-4.el7
    CentOS_7: checkpolicy.x86_64 0:2.1.12-6.el7
    CentOS_7: euca2ools.noarch 0:2.1.4-1.el7.centos
    CentOS_7: glusterfs-api.x86_64 0:3.4.0.59rhs-1.el7.centos
    CentOS_7: glusterfs-libs.x86_64 0:3.4.0.59rhs-1.el7.centos
    CentOS_7: jbigkit-libs.x86_64 0:2.0-11.el7
    CentOS_7: libaio.x86_64 0:0.3.109-12.el7
    CentOS_7: libcgroup.x86_64 0:0.41-6.el7
    CentOS_7: libiscsi.x86_64 0:1.9.0-6.el7
    CentOS_7: libjpeg-turbo.x86_64 0:1.2.90-5.el7
    CentOS_7: libsemanage-python.x86_64 0:2.1.10-16.el7
    CentOS_7: libtiff.x86_64 0:4.0.3-14.el7
    CentOS_7: libwebp.x86_64 0:0.3.0-3.el7
    CentOS_7: libyaml.x86_64 0:0.1.4-10.el7
    CentOS_7: m2crypto.x86_64 0:0.21.1-15.el7
    CentOS_7: net-tools.x86_64 0:2.0-0.17.20131004git.el7
    CentOS_7: policycoreutils-python.x86_64 0:2.2.5-11.el7_0.1
    CentOS_7: python-IPy.noarch 0:0.75-6.el7
    CentOS_7: python-boto.noarch 0:2.34.0-4.el7
    CentOS_7: python-chardet.noarch 0:2.0.1-7.el7
    CentOS_7: python-cheetah.x86_64 0:2.4.4-5.el7.centos
    CentOS_7: python-crypto.x86_64 0:2.6.1-1.el7.centos
    CentOS_7: python-ecdsa.noarch 0:0.11-3.el7.centos
    CentOS_7: python-jsonpatch.noarch 0:1.2-3.el7.centos
    CentOS_7: python-jsonpointer.noarch 0:1.0-2.el7.centos
    CentOS_7: python-markdown.noarch 0:2.4.1-1.el7.centos
    CentOS_7: python-paramiko.noarch 0:1.15.1-1.el7
    CentOS_7: python-pillow.x86_64 0:2.0.0-17.gitd1c6db8.el7
    CentOS_7: python-prettytable.noarch 0:0.7.2-2.el7.centos
    CentOS_7: python-pygments.noarch 0:1.4-9.el7
    CentOS_7: python-requests.noarch 0:1.1.0-8.el7
    CentOS_7: python-rsa.noarch 0:3.1.1-5.el7
    CentOS_7: python-six.noarch 0:1.3.0-4.el7
    CentOS_7: python-urllib3.noarch 0:1.5-8.el7
    CentOS_7: qemu-img.x86_64 10:1.5.3-60.el7_0.11
    CentOS_7: rsync.x86_64 0:3.0.9-15.el7
    CentOS_7: rsyslog-mmjsonparse.x86_64 0:7.4.7-7.el7_0
    CentOS_7: setools-libs.x86_64 0:3.3.7-46.el7
    CentOS_7:
    CentOS_7: Complete!
==> CentOS_7: Provisioning with shell script: scripts/network.sh
    CentOS_7: rm '/etc/systemd/system/dbus-org.fedoraproject.FirewallD1.service'
    CentOS_7: rm '/etc/systemd/system/basic.target.wants/firewalld.service'
==> CentOS_7: Provisioning with shell script: scripts/locale.sh
==> CentOS_7: Provisioning with shell script: scripts/growpart.sh
==> CentOS_7: Provisioning with shell script: scripts/cleanup.sh
    CentOS_7: Loaded plugins: fastestmirror
    CentOS_7: Cleaning repos: base epel extras updates
    CentOS_7: Cleaning up everything
    CentOS_7: Cleaning up list of fastest mirrors
==> CentOS_7: Gracefully halting virtual machine...
Build 'CentOS_7' finished.

==> Builds finished. The artifacts of successful builds are:
--> CentOS_7: VM files in directory: output